Using pre-set license
Built from '2020.2/release' branch; Version is '2020.2.0f1 (3721df5a8b28) revision 3613151'; Using compiler version '192528614'; Build Type 'Release'
OS: 'Windows 10  (10.0.0) 64bit' Language: 'en' Physical Memory: 8013 MB
BatchMode: 1, IsHumanControllingUs: 0, StartBugReporterOnCrash: 0, Is64bit: 1, IsPro: 0

 COMMAND LINE ARGUMENTS:
C:\Program Files\Unity\Hub\Editor\2020.2.0f1\Editor\Unity.exe
-adb2
-batchMode
-noUpm
-name
AssetImportWorker0
-projectPath
C:/Users/ggasc/OneDrive/Documentos/Unity Projects/TileMaker
-logFile
Logs/AssetImportWorker0.log
-srvPort
58576
Successfully changed project path to: C:/Users/ggasc/OneDrive/Documentos/Unity Projects/TileMaker
C:/Users/ggasc/OneDrive/Documentos/Unity Projects/TileMaker
Using Asset Import Pipeline V2.
Refreshing native plugins compatible for Editor in 14.33 ms, found 0 plugins.
Preloading 0 native plugins for Editor in 0.00 ms.
Initialize engine version: 2020.2.0f1 (3721df5a8b28)
[Subsystems] Discovering subsystems at path C:/Program Files/Unity/Hub/Editor/2020.2.0f1/Editor/Data/Resources/UnitySubsystems
[Subsystems] Discovering subsystems at path C:/Users/ggasc/OneDrive/Documentos/Unity Projects/TileMaker/Assets
GfxDevice: creating device client; threaded=0
Direct3D:
    Version:  Direct3D 11.0 [level 11.1]
    Renderer: NVIDIA GeForce MX250 (ID=0x1d13)
    Vendor:   
    VRAM:     1983 MB
    Driver:   27.21.14.6109
Initialize mono
Mono path[0] = 'C:/Program Files/Unity/Hub/Editor/2020.2.0f1/Editor/Data/Managed'
Mono path[1] = 'C:/Program Files/Unity/Hub/Editor/2020.2.0f1/Editor/Data/MonoBleedingEdge/lib/mono/unityjit'
Mono config path = 'C:/Program Files/Unity/Hub/Editor/2020.2.0f1/Editor/Data/MonoBleedingEdge/etc'
Using monoOptions --debugger-agent=transport=dt_socket,embedding=1,server=y,suspend=n,address=127.0.0.1:56780
Begin MonoManager ReloadAssembly
Registering precompiled unity dll's ...
Register platform support module: C:/Program Files/Unity/Hub/Editor/2020.2.0f1/Editor/Data/PlaybackEngines/WebGLSupport/UnityEditor.WebGL.Extensions.dll
Register platform support module: C:/Program Files/Unity/Hub/Editor/2020.2.0f1/Editor/Data/PlaybackEngines/WindowsStandaloneSupport/UnityEditor.WindowsStandalone.Extensions.dll
Register platform support module: C:/Program Files/Unity/Hub/Editor/2020.2.0f1/Editor/Data/PlaybackEngines/LinuxStandaloneSupport/UnityEditor.LinuxStandalone.Extensions.dll
Registered in 0.004569 seconds.
Native extension for LinuxStandalone target not found
Native extension for WindowsStandalone target not found
Native extension for WebGL target not found
Refreshing native plugins compatible for Editor in 9.89 ms, found 0 plugins.
Preloading 0 native plugins for Editor in 0.00 ms.
Invoked RoslynAnalysisRunner static constructor.
RoslynAnalysisRunner will not be running.
RoslynAnalysisRunner has terminated.
Mono: successfully reloaded assembly
- Completed reload, in  3.814 seconds
Platform modules already initialized, skipping
Registering precompiled user dll's ...
Registered in 0.001259 seconds.
Begin MonoManager ReloadAssembly
Native extension for LinuxStandalone target not found
Native extension for WindowsStandalone target not found
Native extension for WebGL target not found
Refreshing native plugins compatible for Editor in 0.14 ms, found 0 plugins.
Preloading 0 native plugins for Editor in 0.00 ms.
Invoked RoslynAnalysisRunner static constructor.
RoslynAnalysisRunner will not be running.
RoslynAnalysisRunner has terminated.
Mono: successfully reloaded assembly
- Completed reload, in  1.236 seconds
Platform modules already initialized, skipping
========================================================================
Worker process is ready to serve import requests
Launched and connected shader compiler UnityShaderCompiler.exe after 0.03 seconds
Refreshing native plugins compatible for Editor in 0.25 ms, found 0 plugins.
Preloading 0 native plugins for Editor in 0.00 ms.
Unloading 257 Unused Serialized files (Serialized files now loaded: 0)
System memory in use before: 31.3 MB.
System memory in use after: 31.3 MB.

Unloading 8 unused Assets to reduce memory usage. Loaded Objects now: 688.
Total: 3.338400 ms (FindLiveObjects: 0.209600 ms CreateObjectMapping: 0.039400 ms MarkObjects: 2.991500 ms  DeleteObjects: 0.094200 ms)

========================================================================
Received Import Request.
  path: Assets/StandaloneFileBrowser/Plugins/System.Windows.Forms.dll
  artifactKey: Guid(7d459a96865cc4aaab657012c6dc4833) Importer(815301076,1909f56bfc062723c751e8b465ee728b)
Start importing Assets/StandaloneFileBrowser/Plugins/System.Windows.Forms.dll using Guid(7d459a96865cc4aaab657012c6dc4833) Importer(815301076,1909f56bfc062723c751e8b465ee728b)  -> (artifact id: '75bf1fe9ea2c4fed578a3fe4522aa2da') in 0.050499 seconds
  Import took 0.052430 seconds .

========================================================================
Received Import Request.
  Time since last request: 0.014339 seconds.
  path: Assets/StandaloneFileBrowser/Plugins/System.Windows.Forms.dll
  artifactKey: Guid(7d459a96865cc4aaab657012c6dc4833) Importer(815301076,1909f56bfc062723c751e8b465ee728b)
Start importing Assets/StandaloneFileBrowser/Plugins/System.Windows.Forms.dll using Guid(7d459a96865cc4aaab657012c6dc4833) Importer(815301076,1909f56bfc062723c751e8b465ee728b)  -> (artifact id: '75bf1fe9ea2c4fed578a3fe4522aa2da') in 0.005687 seconds
  Import took 0.007221 seconds .

========================================================================
Received Prepare
Refreshing native plugins compatible for Editor in 4.09 ms, found 0 plugins.
Preloading 0 native plugins for Editor in 0.00 ms.
Unloading 6 Unused Serialized files (Serialized files now loaded: 0)
System memory in use before: 26.2 MB.
System memory in use after: 26.2 MB.

Unloading 6 unused Assets to reduce memory usage. Loaded Objects now: 688.
Total: 3.990200 ms (FindLiveObjects: 0.193800 ms CreateObjectMapping: 0.031400 ms MarkObjects: 3.724700 ms  DeleteObjects: 0.036900 ms)

========================================================================
Received Prepare
Registering precompiled user dll's ...
Registered in 0.001595 seconds.
Begin MonoManager ReloadAssembly
Native extension for LinuxStandalone target not found
Native extension for WindowsStandalone target not found
Native extension for WebGL target not found
Refreshing native plugins compatible for Editor in 0.18 ms, found 0 plugins.
Preloading 0 native plugins for Editor in 0.00 ms.
Invoked RoslynAnalysisRunner static constructor.
RoslynAnalysisRunner will not be running.
RoslynAnalysisRunner has terminated.
Mono: successfully reloaded assembly
- Completed reload, in  1.298 seconds
Platform modules already initialized, skipping
Refreshing native plugins compatible for Editor in 0.27 ms, found 0 plugins.
Preloading 0 native plugins for Editor in 0.00 ms.
Unloading 252 Unused Serialized files (Serialized files now loaded: 0)
System memory in use before: 31.3 MB.
System memory in use after: 31.4 MB.

Unloading 6 unused Assets to reduce memory usage. Loaded Objects now: 688.
Total: 2.535400 ms (FindLiveObjects: 0.116700 ms CreateObjectMapping: 0.030000 ms MarkObjects: 2.363500 ms  DeleteObjects: 0.022800 ms)

========================================================================
Received Prepare
Registering precompiled user dll's ...
Registered in 0.001955 seconds.
Begin MonoManager ReloadAssembly
Native extension for LinuxStandalone target not found
Native extension for WindowsStandalone target not found
Native extension for WebGL target not found
Refreshing native plugins compatible for Editor in 0.23 ms, found 0 plugins.
Preloading 0 native plugins for Editor in 0.00 ms.
Invoked RoslynAnalysisRunner static constructor.
RoslynAnalysisRunner will not be running.
RoslynAnalysisRunner has terminated.
Mono: successfully reloaded assembly
- Completed reload, in  2.533 seconds
Platform modules already initialized, skipping
Refreshing native plugins compatible for Editor in 0.24 ms, found 0 plugins.
Preloading 0 native plugins for Editor in 0.00 ms.
Unloading 252 Unused Serialized files (Serialized files now loaded: 0)
System memory in use before: 31.4 MB.
System memory in use after: 31.5 MB.

Unloading 6 unused Assets to reduce memory usage. Loaded Objects now: 688.
Total: 3.529000 ms (FindLiveObjects: 0.542100 ms CreateObjectMapping: 0.118900 ms MarkObjects: 2.843800 ms  DeleteObjects: 0.021300 ms)

========================================================================
Received Prepare
Registering precompiled user dll's ...
Registered in 0.001567 seconds.
Begin MonoManager ReloadAssembly
Native extension for LinuxStandalone target not found
Native extension for WindowsStandalone target not found
Native extension for WebGL target not found
Refreshing native plugins compatible for Editor in 0.19 ms, found 0 plugins.
Preloading 0 native plugins for Editor in 0.00 ms.
Invoked RoslynAnalysisRunner static constructor.
RoslynAnalysisRunner will not be running.
RoslynAnalysisRunner has terminated.
Mono: successfully reloaded assembly
- Completed reload, in  1.438 seconds
Platform modules already initialized, skipping
Refreshing native plugins compatible for Editor in 0.14 ms, found 0 plugins.
Preloading 0 native plugins for Editor in 0.00 ms.
Unloading 252 Unused Serialized files (Serialized files now loaded: 0)
System memory in use before: 31.5 MB.
System memory in use after: 31.6 MB.

Unloading 6 unused Assets to reduce memory usage. Loaded Objects now: 688.
Total: 1.998800 ms (FindLiveObjects: 0.116200 ms CreateObjectMapping: 0.021800 ms MarkObjects: 1.828300 ms  DeleteObjects: 0.029800 ms)

========================================================================
Received Prepare
Registering precompiled user dll's ...
Registered in 0.001554 seconds.
Begin MonoManager ReloadAssembly
Native extension for LinuxStandalone target not found
Native extension for WindowsStandalone target not found
Native extension for WebGL target not found
Refreshing native plugins compatible for Editor in 0.18 ms, found 0 plugins.
Preloading 0 native plugins for Editor in 0.00 ms.
Invoked RoslynAnalysisRunner static constructor.
RoslynAnalysisRunner will not be running.
RoslynAnalysisRunner has terminated.
Mono: successfully reloaded assembly
- Completed reload, in  1.416 seconds
Platform modules already initialized, skipping
Refreshing native plugins compatible for Editor in 0.18 ms, found 0 plugins.
Preloading 0 native plugins for Editor in 0.00 ms.
Unloading 252 Unused Serialized files (Serialized files now loaded: 0)
System memory in use before: 31.7 MB.
System memory in use after: 31.7 MB.

Unloading 6 unused Assets to reduce memory usage. Loaded Objects now: 688.
Total: 2.160000 ms (FindLiveObjects: 0.124600 ms CreateObjectMapping: 0.027100 ms MarkObjects: 1.978900 ms  DeleteObjects: 0.026000 ms)

========================================================================
Received Prepare
Registering precompiled user dll's ...
Registered in 0.001391 seconds.
Begin MonoManager ReloadAssembly
Native extension for LinuxStandalone target not found
Native extension for WindowsStandalone target not found
Native extension for WebGL target not found
Refreshing native plugins compatible for Editor in 0.22 ms, found 0 plugins.
Preloading 0 native plugins for Editor in 0.00 ms.
Invoked RoslynAnalysisRunner static constructor.
RoslynAnalysisRunner will not be running.
RoslynAnalysisRunner has terminated.
Mono: successfully reloaded assembly
- Completed reload, in  1.679 seconds
Platform modules already initialized, skipping
Refreshing native plugins compatible for Editor in 0.21 ms, found 0 plugins.
Preloading 0 native plugins for Editor in 0.00 ms.
Unloading 252 Unused Serialized files (Serialized files now loaded: 0)
System memory in use before: 31.7 MB.
System memory in use after: 31.8 MB.

Unloading 6 unused Assets to reduce memory usage. Loaded Objects now: 688.
Total: 2.284400 ms (FindLiveObjects: 0.108700 ms CreateObjectMapping: 0.022100 ms MarkObjects: 2.128200 ms  DeleteObjects: 0.023300 ms)

========================================================================
Received Prepare
Registering precompiled user dll's ...
Registered in 0.001383 seconds.
Begin MonoManager ReloadAssembly
Native extension for LinuxStandalone target not found
Native extension for WindowsStandalone target not found
Native extension for WebGL target not found
Refreshing native plugins compatible for Editor in 0.22 ms, found 0 plugins.
Preloading 0 native plugins for Editor in 0.00 ms.
Invoked RoslynAnalysisRunner static constructor.
RoslynAnalysisRunner will not be running.
RoslynAnalysisRunner has terminated.
Mono: successfully reloaded assembly
- Completed reload, in  1.262 seconds
Platform modules already initialized, skipping
Refreshing native plugins compatible for Editor in 0.20 ms, found 0 plugins.
Preloading 0 native plugins for Editor in 0.00 ms.
Unloading 252 Unused Serialized files (Serialized files now loaded: 0)
System memory in use before: 31.9 MB.
System memory in use after: 31.9 MB.

Unloading 6 unused Assets to reduce memory usage. Loaded Objects now: 688.
Total: 2.495500 ms (FindLiveObjects: 0.147700 ms CreateObjectMapping: 0.037900 ms MarkObjects: 2.283000 ms  DeleteObjects: 0.023700 ms)

========================================================================
Received Prepare
Refreshing native plugins compatible for Editor in 4.46 ms, found 0 plugins.
Preloading 0 native plugins for Editor in 0.00 ms.
Unloading 6 Unused Serialized files (Serialized files now loaded: 0)
System memory in use before: 27.0 MB.
System memory in use after: 27.0 MB.

Unloading 6 unused Assets to reduce memory usage. Loaded Objects now: 688.
Total: 3.096700 ms (FindLiveObjects: 0.259600 ms CreateObjectMapping: 0.050100 ms MarkObjects: 2.755400 ms  DeleteObjects: 0.028400 ms)

========================================================================
Received Prepare
Registering precompiled user dll's ...
Registered in 0.002181 seconds.
Begin MonoManager ReloadAssembly
Native extension for LinuxStandalone target not found
Native extension for WindowsStandalone target not found
Native extension for WebGL target not found
Refreshing native plugins compatible for Editor in 0.17 ms, found 0 plugins.
Preloading 0 native plugins for Editor in 0.00 ms.
Invoked RoslynAnalysisRunner static constructor.
RoslynAnalysisRunner will not be running.
RoslynAnalysisRunner has terminated.
Mono: successfully reloaded assembly
- Completed reload, in  2.132 seconds
Platform modules already initialized, skipping
Refreshing native plugins compatible for Editor in 0.24 ms, found 0 plugins.
Preloading 0 native plugins for Editor in 0.00 ms.
Unloading 252 Unused Serialized files (Serialized files now loaded: 0)
System memory in use before: 32.0 MB.
System memory in use after: 32.1 MB.

Unloading 6 unused Assets to reduce memory usage. Loaded Objects now: 688.
Total: 3.319300 ms (FindLiveObjects: 0.109500 ms CreateObjectMapping: 0.023900 ms MarkObjects: 3.136400 ms  DeleteObjects: 0.044100 ms)

========================================================================
Received Prepare
Registering precompiled user dll's ...
Registered in 0.001420 seconds.
Begin MonoManager ReloadAssembly
Native extension for LinuxStandalone target not found
Native extension for WindowsStandalone target not found
Native extension for WebGL target not found
Refreshing native plugins compatible for Editor in 0.18 ms, found 0 plugins.
Preloading 0 native plugins for Editor in 0.00 ms.
Invoked RoslynAnalysisRunner static constructor.
RoslynAnalysisRunner will not be running.
RoslynAnalysisRunner has terminated.
Mono: successfully reloaded assembly
- Completed reload, in  1.376 seconds
Platform modules already initialized, skipping
Refreshing native plugins compatible for Editor in 0.21 ms, found 0 plugins.
Preloading 0 native plugins for Editor in 0.00 ms.
Unloading 252 Unused Serialized files (Serialized files now loaded: 0)
System memory in use before: 32.2 MB.
System memory in use after: 32.2 MB.

Unloading 6 unused Assets to reduce memory usage. Loaded Objects now: 688.
Total: 2.380400 ms (FindLiveObjects: 0.139200 ms CreateObjectMapping: 0.023900 ms MarkObjects: 2.191500 ms  DeleteObjects: 0.023700 ms)

========================================================================
Received Prepare
Registering precompiled user dll's ...
Registered in 0.003134 seconds.
Begin MonoManager ReloadAssembly
Native extension for LinuxStandalone target not found
Native extension for WindowsStandalone target not found
Native extension for WebGL target not found
Refreshing native plugins compatible for Editor in 0.14 ms, found 0 plugins.
Preloading 0 native plugins for Editor in 0.00 ms.
Invoked RoslynAnalysisRunner static constructor.
RoslynAnalysisRunner will not be running.
RoslynAnalysisRunner has terminated.
Mono: successfully reloaded assembly
- Completed reload, in  1.806 seconds
Platform modules already initialized, skipping
Refreshing native plugins compatible for Editor in 0.23 ms, found 0 plugins.
Preloading 0 native plugins for Editor in 0.00 ms.
Unloading 252 Unused Serialized files (Serialized files now loaded: 0)
System memory in use before: 32.3 MB.
System memory in use after: 32.3 MB.

Unloading 6 unused Assets to reduce memory usage. Loaded Objects now: 688.
Total: 3.336700 ms (FindLiveObjects: 0.156900 ms CreateObjectMapping: 0.034800 ms MarkObjects: 3.093300 ms  DeleteObjects: 0.047100 ms)

========================================================================
Received Prepare
Registering precompiled user dll's ...
Registered in 0.001558 seconds.
Begin MonoManager ReloadAssembly
Native extension for LinuxStandalone target not found
Native extension for WindowsStandalone target not found
Native extension for WebGL target not found
Refreshing native plugins compatible for Editor in 0.24 ms, found 0 plugins.
Preloading 0 native plugins for Editor in 0.00 ms.
Invoked RoslynAnalysisRunner static constructor.
RoslynAnalysisRunner will not be running.
RoslynAnalysisRunner has terminated.
Mono: successfully reloaded assembly
- Completed reload, in  1.637 seconds
Platform modules already initialized, skipping
Refreshing native plugins compatible for Editor in 0.19 ms, found 0 plugins.
Preloading 0 native plugins for Editor in 0.00 ms.
Unloading 252 Unused Serialized files (Serialized files now loaded: 0)
System memory in use before: 32.3 MB.
System memory in use after: 32.4 MB.

Unloading 6 unused Assets to reduce memory usage. Loaded Objects now: 688.
Total: 2.390200 ms (FindLiveObjects: 0.122700 ms CreateObjectMapping: 0.025900 ms MarkObjects: 2.213500 ms  DeleteObjects: 0.025300 ms)

========================================================================
Received Prepare
Registering precompiled user dll's ...
Registered in 0.001973 seconds.
Begin MonoManager ReloadAssembly
Native extension for LinuxStandalone target not found
Native extension for WindowsStandalone target not found
Native extension for WebGL target not found
Refreshing native plugins compatible for Editor in 0.25 ms, found 0 plugins.
Preloading 0 native plugins for Editor in 0.00 ms.
Invoked RoslynAnalysisRunner static constructor.
RoslynAnalysisRunner will not be running.
RoslynAnalysisRunner has terminated.
Mono: successfully reloaded assembly
- Completed reload, in  1.567 seconds
Platform modules already initialized, skipping
Refreshing native plugins compatible for Editor in 0.20 ms, found 0 plugins.
Preloading 0 native plugins for Editor in 0.00 ms.
Unloading 252 Unused Serialized files (Serialized files now loaded: 0)
System memory in use before: 32.5 MB.
System memory in use after: 32.5 MB.

Unloading 6 unused Assets to reduce memory usage. Loaded Objects now: 688.
Total: 2.615600 ms (FindLiveObjects: 0.120100 ms CreateObjectMapping: 0.024700 ms MarkObjects: 2.441300 ms  DeleteObjects: 0.026600 ms)

========================================================================
Received Prepare
Registering precompiled user dll's ...
Registered in 0.001486 seconds.
Begin MonoManager ReloadAssembly
Native extension for LinuxStandalone target not found
Native extension for WindowsStandalone target not found
Native extension for WebGL target not found
Refreshing native plugins compatible for Editor in 0.22 ms, found 0 plugins.
Preloading 0 native plugins for Editor in 0.00 ms.
Invoked RoslynAnalysisRunner static constructor.
RoslynAnalysisRunner will not be running.
RoslynAnalysisRunner has terminated.
Mono: successfully reloaded assembly
- Completed reload, in  1.339 seconds
Platform modules already initialized, skipping
Refreshing native plugins compatible for Editor in 0.17 ms, found 0 plugins.
Preloading 0 native plugins for Editor in 0.00 ms.
Unloading 252 Unused Serialized files (Serialized files now loaded: 0)
System memory in use before: 32.6 MB.
System memory in use after: 32.6 MB.

Unloading 6 unused Assets to reduce memory usage. Loaded Objects now: 688.
Total: 2.607200 ms (FindLiveObjects: 0.118800 ms CreateObjectMapping: 0.024300 ms MarkObjects: 2.384100 ms  DeleteObjects: 0.076900 ms)

========================================================================
Received Prepare
Registering precompiled user dll's ...
Registered in 0.001894 seconds.
Begin MonoManager ReloadAssembly
Native extension for LinuxStandalone target not found
Native extension for WindowsStandalone target not found
Native extension for WebGL target not found
Refreshing native plugins compatible for Editor in 0.17 ms, found 0 plugins.
Preloading 0 native plugins for Editor in 0.00 ms.
Invoked RoslynAnalysisRunner static constructor.
RoslynAnalysisRunner will not be running.
RoslynAnalysisRunner has terminated.
Mono: successfully reloaded assembly
- Completed reload, in  1.692 seconds
Platform modules already initialized, skipping
Refreshing native plugins compatible for Editor in 0.24 ms, found 0 plugins.
Preloading 0 native plugins for Editor in 0.00 ms.
Unloading 252 Unused Serialized files (Serialized files now loaded: 0)
System memory in use before: 32.7 MB.
System memory in use after: 32.7 MB.

Unloading 6 unused Assets to reduce memory usage. Loaded Objects now: 688.
Total: 2.741600 ms (FindLiveObjects: 0.205400 ms CreateObjectMapping: 0.032200 ms MarkObjects: 2.470300 ms  DeleteObjects: 0.030700 ms)

========================================================================
Received Prepare
Registering precompiled user dll's ...
Registered in 0.002379 seconds.
Begin MonoManager ReloadAssembly
Native extension for LinuxStandalone target not found
Native extension for WindowsStandalone target not found
Native extension for WebGL target not found
Refreshing native plugins compatible for Editor in 0.27 ms, found 0 plugins.
Preloading 0 native plugins for Editor in 0.00 ms.
Invoked RoslynAnalysisRunner static constructor.
RoslynAnalysisRunner will not be running.
RoslynAnalysisRunner has terminated.
Mono: successfully reloaded assembly
- Completed reload, in  1.774 seconds
Platform modules already initialized, skipping
Refreshing native plugins compatible for Editor in 0.22 ms, found 0 plugins.
Preloading 0 native plugins for Editor in 0.00 ms.
Unloading 252 Unused Serialized files (Serialized files now loaded: 0)
System memory in use before: 32.8 MB.
System memory in use after: 32.8 MB.

Unloading 6 unused Assets to reduce memory usage. Loaded Objects now: 688.
Total: 2.850000 ms (FindLiveObjects: 0.145900 ms CreateObjectMapping: 0.030900 ms MarkObjects: 2.636200 ms  DeleteObjects: 0.033600 ms)

========================================================================
Received Prepare
Registering precompiled user dll's ...
Registered in 0.001466 seconds.
Begin MonoManager ReloadAssembly
Native extension for LinuxStandalone target not found
Native extension for WindowsStandalone target not found
Native extension for WebGL target not found
Refreshing native plugins compatible for Editor in 0.22 ms, found 0 plugins.
Preloading 0 native plugins for Editor in 0.00 ms.
Invoked RoslynAnalysisRunner static constructor.
RoslynAnalysisRunner will not be running.
RoslynAnalysisRunner has terminated.
Mono: successfully reloaded assembly
- Completed reload, in  1.647 seconds
Platform modules already initialized, skipping
Refreshing native plugins compatible for Editor in 0.22 ms, found 0 plugins.
Preloading 0 native plugins for Editor in 0.00 ms.
Unloading 252 Unused Serialized files (Serialized files now loaded: 0)
System memory in use before: 32.9 MB.
System memory in use after: 32.9 MB.

Unloading 6 unused Assets to reduce memory usage. Loaded Objects now: 688.
Total: 2.667500 ms (FindLiveObjects: 0.169700 ms CreateObjectMapping: 0.030200 ms MarkObjects: 2.431600 ms  DeleteObjects: 0.033100 ms)

========================================================================
Received Prepare
Registering precompiled user dll's ...
Registered in 0.001657 seconds.
Begin MonoManager ReloadAssembly
Native extension for LinuxStandalone target not found
Native extension for WindowsStandalone target not found
Native extension for WebGL target not found
Refreshing native plugins compatible for Editor in 0.18 ms, found 0 plugins.
Preloading 0 native plugins for Editor in 0.00 ms.
Invoked RoslynAnalysisRunner static constructor.
RoslynAnalysisRunner will not be running.
RoslynAnalysisRunner has terminated.
Mono: successfully reloaded assembly
- Completed reload, in  1.568 seconds
Platform modules already initialized, skipping
Refreshing native plugins compatible for Editor in 0.46 ms, found 0 plugins.
Preloading 0 native plugins for Editor in 0.00 ms.
Unloading 252 Unused Serialized files (Serialized files now loaded: 0)
System memory in use before: 33.0 MB.
System memory in use after: 33.0 MB.

Unloading 6 unused Assets to reduce memory usage. Loaded Objects now: 688.
Total: 2.755200 ms (FindLiveObjects: 0.151600 ms CreateObjectMapping: 0.031300 ms MarkObjects: 2.540200 ms  DeleteObjects: 0.028900 ms)

========================================================================
Received Prepare
Registering precompiled user dll's ...
Registered in 0.001575 seconds.
Begin MonoManager ReloadAssembly
Native extension for LinuxStandalone target not found
Native extension for WindowsStandalone target not found
Native extension for WebGL target not found
Refreshing native plugins compatible for Editor in 0.22 ms, found 0 plugins.
Preloading 0 native plugins for Editor in 0.00 ms.
Invoked RoslynAnalysisRunner static constructor.
RoslynAnalysisRunner will not be running.
RoslynAnalysisRunner has terminated.
Mono: successfully reloaded assembly
- Completed reload, in  1.857 seconds
Platform modules already initialized, skipping
Refreshing native plugins compatible for Editor in 0.18 ms, found 0 plugins.
Preloading 0 native plugins for Editor in 0.00 ms.
Unloading 252 Unused Serialized files (Serialized files now loaded: 0)
System memory in use before: 33.1 MB.
System memory in use after: 33.1 MB.

Unloading 6 unused Assets to reduce memory usage. Loaded Objects now: 688.
Total: 2.560700 ms (FindLiveObjects: 0.123500 ms CreateObjectMapping: 0.026300 ms MarkObjects: 2.382500 ms  DeleteObjects: 0.025800 ms)

========================================================================
Received Prepare
Registering precompiled user dll's ...
Registered in 0.001154 seconds.
Begin MonoManager ReloadAssembly
Native extension for LinuxStandalone target not found
Native extension for WindowsStandalone target not found
Native extension for WebGL target not found
Refreshing native plugins compatible for Editor in 0.17 ms, found 0 plugins.
Preloading 0 native plugins for Editor in 0.00 ms.
Invoked RoslynAnalysisRunner static constructor.
RoslynAnalysisRunner will not be running.
RoslynAnalysisRunner has terminated.
Mono: successfully reloaded assembly
- Completed reload, in  1.609 seconds
Platform modules already initialized, skipping
Refreshing native plugins compatible for Editor in 0.18 ms, found 0 plugins.
Preloading 0 native plugins for Editor in 0.00 ms.
Unloading 252 Unused Serialized files (Serialized files now loaded: 0)
System memory in use before: 32.2 MB.
System memory in use after: 32.2 MB.

Unloading 6 unused Assets to reduce memory usage. Loaded Objects now: 688.
Total: 2.668800 ms (FindLiveObjects: 0.241400 ms CreateObjectMapping: 0.030400 ms MarkObjects: 2.355400 ms  DeleteObjects: 0.038200 ms)

========================================================================
Received Prepare
Registering precompiled user dll's ...
Registered in 0.002295 seconds.
Begin MonoManager ReloadAssembly
Native extension for LinuxStandalone target not found
Native extension for WindowsStandalone target not found
Native extension for WebGL target not found
Refreshing native plugins compatible for Editor in 0.54 ms, found 0 plugins.
Preloading 0 native plugins for Editor in 0.00 ms.
Invoked RoslynAnalysisRunner static constructor.
RoslynAnalysisRunner will not be running.
RoslynAnalysisRunner has terminated.
Mono: successfully reloaded assembly
- Completed reload, in  2.039 seconds
Platform modules already initialized, skipping
Refreshing native plugins compatible for Editor in 0.17 ms, found 0 plugins.
Preloading 0 native plugins for Editor in 0.00 ms.
Unloading 252 Unused Serialized files (Serialized files now loaded: 0)
System memory in use before: 32.3 MB.
System memory in use after: 32.3 MB.

Unloading 6 unused Assets to reduce memory usage. Loaded Objects now: 688.
Total: 2.195100 ms (FindLiveObjects: 0.139700 ms CreateObjectMapping: 0.023600 ms MarkObjects: 2.005100 ms  DeleteObjects: 0.022800 ms)

========================================================================
Received Prepare
Registering precompiled user dll's ...
Registered in 0.001786 seconds.
Begin MonoManager ReloadAssembly
Native extension for LinuxStandalone target not found
Native extension for WindowsStandalone target not found
Native extension for WebGL target not found
Refreshing native plugins compatible for Editor in 0.23 ms, found 0 plugins.
Preloading 0 native plugins for Editor in 0.00 ms.
Invoked RoslynAnalysisRunner static constructor.
RoslynAnalysisRunner will not be running.
RoslynAnalysisRunner has terminated.
Mono: successfully reloaded assembly
- Completed reload, in  1.359 seconds
Platform modules already initialized, skipping
Refreshing native plugins compatible for Editor in 0.33 ms, found 0 plugins.
Preloading 0 native plugins for Editor in 0.00 ms.
Unloading 252 Unused Serialized files (Serialized files now loaded: 0)
System memory in use before: 32.4 MB.
System memory in use after: 32.4 MB.

Unloading 6 unused Assets to reduce memory usage. Loaded Objects now: 688.
Total: 2.589300 ms (FindLiveObjects: 0.181200 ms CreateObjectMapping: 0.043200 ms MarkObjects: 2.337800 ms  DeleteObjects: 0.024200 ms)

========================================================================
Received Prepare
Registering precompiled user dll's ...
Registered in 0.002781 seconds.
Begin MonoManager ReloadAssembly
Native extension for LinuxStandalone target not found
Native extension for WindowsStandalone target not found
Native extension for WebGL target not found
Refreshing native plugins compatible for Editor in 0.21 ms, found 0 plugins.
Preloading 0 native plugins for Editor in 0.00 ms.
Invoked RoslynAnalysisRunner static constructor.
RoslynAnalysisRunner will not be running.
RoslynAnalysisRunner has terminated.
Mono: successfully reloaded assembly
- Completed reload, in  1.758 seconds
Platform modules already initialized, skipping
Refreshing native plugins compatible for Editor in 0.24 ms, found 0 plugins.
Preloading 0 native plugins for Editor in 0.00 ms.
Unloading 252 Unused Serialized files (Serialized files now loaded: 0)
System memory in use before: 32.5 MB.
System memory in use after: 32.5 MB.

Unloading 6 unused Assets to reduce memory usage. Loaded Objects now: 688.
Total: 3.178400 ms (FindLiveObjects: 0.441300 ms CreateObjectMapping: 0.048200 ms MarkObjects: 2.655800 ms  DeleteObjects: 0.029300 ms)

========================================================================
Received Prepare
Registering precompiled user dll's ...
Registered in 0.002568 seconds.
Begin MonoManager ReloadAssembly
Native extension for LinuxStandalone target not found
Native extension for WindowsStandalone target not found
Native extension for WebGL target not found
Refreshing native plugins compatible for Editor in 0.17 ms, found 0 plugins.
Preloading 0 native plugins for Editor in 0.00 ms.
Invoked RoslynAnalysisRunner static constructor.
RoslynAnalysisRunner will not be running.
RoslynAnalysisRunner has terminated.
Mono: successfully reloaded assembly
- Completed reload, in  1.459 seconds
Platform modules already initialized, skipping
Refreshing native plugins compatible for Editor in 0.19 ms, found 0 plugins.
Preloading 0 native plugins for Editor in 0.00 ms.
Unloading 252 Unused Serialized files (Serialized files now loaded: 0)
System memory in use before: 32.6 MB.
System memory in use after: 32.6 MB.

Unloading 6 unused Assets to reduce memory usage. Loaded Objects now: 688.
Total: 2.821900 ms (FindLiveObjects: 0.212900 ms CreateObjectMapping: 0.036900 ms MarkObjects: 2.542700 ms  DeleteObjects: 0.026600 ms)

========================================================================
Received Prepare
Refreshing native plugins compatible for Editor in 2.48 ms, found 0 plugins.
Preloading 0 native plugins for Editor in 0.00 ms.
Unloading 6 Unused Serialized files (Serialized files now loaded: 0)
System memory in use before: 27.7 MB.
System memory in use after: 27.8 MB.

Unloading 6 unused Assets to reduce memory usage. Loaded Objects now: 688.
Total: 2.478500 ms (FindLiveObjects: 0.149600 ms CreateObjectMapping: 0.029300 ms MarkObjects: 2.273500 ms  DeleteObjects: 0.023700 ms)

========================================================================
Received Prepare
Refreshing native plugins compatible for Editor in 3.98 ms, found 0 plugins.
Preloading 0 native plugins for Editor in 0.00 ms.
Unloading 6 Unused Serialized files (Serialized files now loaded: 0)
System memory in use before: 27.8 MB.
System memory in use after: 27.9 MB.

Unloading 6 unused Assets to reduce memory usage. Loaded Objects now: 688.
Total: 3.159500 ms (FindLiveObjects: 0.143100 ms CreateObjectMapping: 0.036000 ms MarkObjects: 2.928700 ms  DeleteObjects: 0.048700 ms)

========================================================================
Received Prepare
Refreshing native plugins compatible for Editor in 4.30 ms, found 0 plugins.
Preloading 0 native plugins for Editor in 0.00 ms.
Unloading 6 Unused Serialized files (Serialized files now loaded: 0)
System memory in use before: 27.9 MB.
System memory in use after: 28.0 MB.

Unloading 6 unused Assets to reduce memory usage. Loaded Objects now: 688.
Total: 3.577600 ms (FindLiveObjects: 0.140300 ms CreateObjectMapping: 0.024700 ms MarkObjects: 3.353000 ms  DeleteObjects: 0.055200 ms)

========================================================================
Received Prepare
Refreshing native plugins compatible for Editor in 3.46 ms, found 0 plugins.
Preloading 0 native plugins for Editor in 0.00 ms.
Unloading 6 Unused Serialized files (Serialized files now loaded: 0)
System memory in use before: 28.0 MB.
System memory in use after: 28.1 MB.

Unloading 6 unused Assets to reduce memory usage. Loaded Objects now: 688.
Total: 3.813800 ms (FindLiveObjects: 0.114000 ms CreateObjectMapping: 0.025100 ms MarkObjects: 3.642700 ms  DeleteObjects: 0.029900 ms)

========================================================================
Received Prepare
Registering precompiled user dll's ...
Registered in 0.001254 seconds.
Begin MonoManager ReloadAssembly
Native extension for LinuxStandalone target not found
Native extension for WindowsStandalone target not found
Native extension for WebGL target not found
Refreshing native plugins compatible for Editor in 0.19 ms, found 0 plugins.
Preloading 0 native plugins for Editor in 0.00 ms.
Invoked RoslynAnalysisRunner static constructor.
RoslynAnalysisRunner will not be running.
RoslynAnalysisRunner has terminated.
Mono: successfully reloaded assembly
- Completed reload, in  1.231 seconds
Platform modules already initialized, skipping
Refreshing native plugins compatible for Editor in 0.18 ms, found 0 plugins.
Preloading 0 native plugins for Editor in 0.00 ms.
Unloading 252 Unused Serialized files (Serialized files now loaded: 0)
System memory in use before: 33.1 MB.
System memory in use after: 33.1 MB.

Unloading 6 unused Assets to reduce memory usage. Loaded Objects now: 688.
Total: 2.783700 ms (FindLiveObjects: 0.108000 ms CreateObjectMapping: 0.022400 ms MarkObjects: 2.619900 ms  DeleteObjects: 0.031000 ms)

========================================================================
Received Prepare
Registering precompiled user dll's ...
Registered in 0.002188 seconds.
Begin MonoManager ReloadAssembly
Native extension for LinuxStandalone target not found
Native extension for WindowsStandalone target not found
Native extension for WebGL target not found
Refreshing native plugins compatible for Editor in 0.16 ms, found 0 plugins.
Preloading 0 native plugins for Editor in 0.00 ms.
Invoked RoslynAnalysisRunner static constructor.
RoslynAnalysisRunner will not be running.
RoslynAnalysisRunner has terminated.
Mono: successfully reloaded assembly
- Completed reload, in  1.305 seconds
Platform modules already initialized, skipping
Refreshing native plugins compatible for Editor in 0.24 ms, found 0 plugins.
Preloading 0 native plugins for Editor in 0.00 ms.
Unloading 252 Unused Serialized files (Serialized files now loaded: 0)
System memory in use before: 32.2 MB.
System memory in use after: 32.3 MB.

Unloading 6 unused Assets to reduce memory usage. Loaded Objects now: 688.
Total: 3.085800 ms (FindLiveObjects: 0.162800 ms CreateObjectMapping: 0.035100 ms MarkObjects: 2.856800 ms  DeleteObjects: 0.028300 ms)

========================================================================
Received Prepare
Registering precompiled user dll's ...
Registered in 0.001538 seconds.
Begin MonoManager ReloadAssembly
Native extension for LinuxStandalone target not found
Native extension for WindowsStandalone target not found
Native extension for WebGL target not found
Refreshing native plugins compatible for Editor in 0.18 ms, found 0 plugins.
Preloading 0 native plugins for Editor in 0.00 ms.
Invoked RoslynAnalysisRunner static constructor.
RoslynAnalysisRunner will not be running.
RoslynAnalysisRunner has terminated.
Mono: successfully reloaded assembly
- Completed reload, in  1.856 seconds
Platform modules already initialized, skipping
Refreshing native plugins compatible for Editor in 0.23 ms, found 0 plugins.
Preloading 0 native plugins for Editor in 0.00 ms.
Unloading 252 Unused Serialized files (Serialized files now loaded: 0)
System memory in use before: 32.3 MB.
System memory in use after: 32.3 MB.

Unloading 6 unused Assets to reduce memory usage. Loaded Objects now: 688.
Total: 2.304100 ms (FindLiveObjects: 0.147900 ms CreateObjectMapping: 0.030700 ms MarkObjects: 2.104100 ms  DeleteObjects: 0.019500 ms)

========================================================================
Received Prepare
Registering precompiled user dll's ...
Registered in 0.005564 seconds.
Begin MonoManager ReloadAssembly
Native extension for LinuxStandalone target not found
Native extension for WindowsStandalone target not found
Native extension for WebGL target not found
Refreshing native plugins compatible for Editor in 0.22 ms, found 0 plugins.
Preloading 0 native plugins for Editor in 0.00 ms.
Invoked RoslynAnalysisRunner static constructor.
RoslynAnalysisRunner will not be running.
RoslynAnalysisRunner has terminated.
Mono: successfully reloaded assembly
- Completed reload, in  1.747 seconds
Platform modules already initialized, skipping
Refreshing native plugins compatible for Editor in 0.17 ms, found 0 plugins.
Preloading 0 native plugins for Editor in 0.00 ms.
Unloading 252 Unused Serialized files (Serialized files now loaded: 0)
System memory in use before: 32.4 MB.
System memory in use after: 32.5 MB.

Unloading 6 unused Assets to reduce memory usage. Loaded Objects now: 688.
Total: 2.621800 ms (FindLiveObjects: 0.173300 ms CreateObjectMapping: 0.032400 ms MarkObjects: 2.386100 ms  DeleteObjects: 0.027400 ms)

========================================================================
Received Prepare
Refreshing native plugins compatible for Editor in 5.28 ms, found 0 plugins.
Preloading 0 native plugins for Editor in 0.00 ms.
Unloading 6 Unused Serialized files (Serialized files now loaded: 0)
System memory in use before: 27.5 MB.
System memory in use after: 27.6 MB.

Unloading 6 unused Assets to reduce memory usage. Loaded Objects now: 688.
Total: 2.891300 ms (FindLiveObjects: 0.087300 ms CreateObjectMapping: 0.015900 ms MarkObjects: 2.765900 ms  DeleteObjects: 0.019700 ms)

========================================================================
Received Prepare
Registering precompiled user dll's ...
Registered in 0.000744 seconds.
Begin MonoManager ReloadAssembly
Native extension for LinuxStandalone target not found
Native extension for WindowsStandalone target not found
Native extension for WebGL target not found
Refreshing native plugins compatible for Editor in 0.11 ms, found 0 plugins.
Preloading 0 native plugins for Editor in 0.00 ms.
Invoked RoslynAnalysisRunner static constructor.
RoslynAnalysisRunner will not be running.
RoslynAnalysisRunner has terminated.
Mono: successfully reloaded assembly
- Completed reload, in  0.750 seconds
Platform modules already initialized, skipping
Refreshing native plugins compatible for Editor in 0.11 ms, found 0 plugins.
Preloading 0 native plugins for Editor in 0.00 ms.
Unloading 252 Unused Serialized files (Serialized files now loaded: 0)
System memory in use before: 32.6 MB.
System memory in use after: 32.7 MB.

Unloading 6 unused Assets to reduce memory usage. Loaded Objects now: 688.
Total: 1.548600 ms (FindLiveObjects: 0.078200 ms CreateObjectMapping: 0.016100 ms MarkObjects: 1.438500 ms  DeleteObjects: 0.014900 ms)

AssetImportWorkerClient::OnTransportError - code=2 error=End of file
